[2026-06-29 19:10:18] local.ERROR: PDOException: SQLSTATE[23000]: Integrity constraint violation: 1062 Duplicate entry '1' for key 'PRIMARY' in C:\xampp\htdocs\airports_web-master-flight\vendor\laravel\framework\src\Illuminate\Database\Connection.php:390
Stack trace:
#0 C:\xampp\htdocs\airports_web-master-flight\vendor\laravel\framework\src\Illuminate\Database\Connection.php(390): PDOStatement->execute(Array)
#1 C:\xampp\htdocs\airports_web-master-flight\vendor\laravel\framework\src\Illuminate\Database\Connection.php(659): Illuminate\Database\Connection->Illuminate\Database\{closure}(Object(Illuminate\Database\MySqlConnection), 'insert into `us...', Array)
#2 C:\xampp\htdocs\airports_web-master-flight\vendor\laravel\framework\src\Illuminate\Database\Connection.php(622): Illuminate\Database\Connection->runQueryCallback('insert into `us...', Array, Object(Closure))
#3 C:\xampp\htdocs\airports_web-master-flight\vendor\laravel\framework\src\Illuminate\Database\Connection.php(391): Illuminate\Database\Connection->run('insert into `us...', Array, Object(Closure))
#4 C:\xampp\htdocs\airports_web-master-flight\vendor\laravel\framework\src\Illuminate\Database\Connection.php(347): Illuminate\Database\Connection->statement('insert into `us...', Array)
#5 C:\xampp\htdocs\airports_web-master-flight\vendor\laravel\framework\src\Illuminate\Database\Query\Builder.php(1827): Illuminate\Database\Connection->insert('insert into `us...', Array)
#6 C:\xampp\htdocs\airports_web-master-flight\database\seeds\UserTableSeeder.php(18): Illuminate\Database\Query\Builder->insert(Array)
#7 C:\xampp\htdocs\airports_web-master-flight\vendor\laravel\framework\src\Illuminate\Database\Seeder.php(42): UserTableSeeder->run()
#8 C:\xampp\htdocs\airports_web-master-flight\database\seeds\DatabaseSeeder.php(17): Illuminate\Database\Seeder->call('UserTableSeeder')
#9 C:\xampp\htdocs\airports_web-master-flight\vendor\laravel\framework\src\Illuminate\Database\Console\Seeds\SeedCommand.php(61): DatabaseSeeder->run()
#10 [internal function]: Illuminate\Database\Console\Seeds\SeedCommand->fire()
#11 C:\xampp\htdocs\airports_web-master-flight\vendor\laravel\framework\src\Illuminate\Container\Container.php(507): call_user_func_array(Array, Array)
#12 C:\xampp\htdocs\airports_web-master-flight\vendor\laravel\framework\src\Illuminate\Console\Command.php(150): Illuminate\Container\Container->call(Array)
#13 C:\xampp\htdocs\airports_web-master-flight\vendor\symfony\console\Command\Command.php(238): Illuminate\Console\Command->execute(Object(Symfony\Component\Console\Input\ArgvInput), Object(Symfony\Component\Console\Output\ConsoleOutput))
#14 C:\xampp\htdocs\airports_web-master-flight\vendor\laravel\framework\src\Illuminate\Console\Command.php(136): Symfony\Component\Console\Command\Command->run(Object(Symfony\Component\Console\Input\ArgvInput), Object(Symfony\Component\Console\Output\ConsoleOutput))
#15 C:\xampp\htdocs\airports_web-master-flight\vendor\symfony\console\Application.php(840): Illuminate\Console\Command->run(Object(Symfony\Component\Console\Input\ArgvInput), Object(Symfony\Component\Console\Output\ConsoleOutput))
#16 C:\xampp\htdocs\airports_web-master-flight\vendor\symfony\console\Application.php(190): Symfony\Component\Console\Application->doRunCommand(Object(Illuminate\Database\Console\Seeds\SeedCommand), Object(Symfony\Component\Console\Input\ArgvInput), Object(Symfony\Component\Console\Output\ConsoleOutput))
#17 C:\xampp\htdocs\airports_web-master-flight\vendor\symfony\console\Application.php(114): Symfony\Component\Console\Application->doRun(Object(Symfony\Component\Console\Input\ArgvInput), Object(Symfony\Component\Console\Output\ConsoleOutput))
#18 C:\xampp\htdocs\airports_web-master-flight\vendor\laravel\framework\src\Illuminate\Foundation\Console\Kernel.php(107): Symfony\Component\Console\Application->run(Object(Symfony\Component\Console\Input\ArgvInput), Object(Symfony\Component\Console\Output\ConsoleOutput))
#19 C:\xampp\htdocs\airports_web-master-flight\artisan(35): Illuminate\Foundation\Console\Kernel->handle(Object(Symfony\Component\Console\Input\ArgvInput), Object(Symfony\Component\Console\Output\ConsoleOutput))
#20 {main}

Next Illuminate\Database\QueryException: SQLSTATE[23000]: Integrity constraint violation: 1062 Duplicate entry '1' for key 'PRIMARY' (SQL: insert into `user` (`dob`, `email`, `gender`, `id`, `image`, `name`, `password`, `status`, `user_type`) values (1/1/1987, info@accretion.com, M, 1, unknown.jpg, Pleximus, y$FxMzlJJJWhAcnjelFvODy.91VdCUiLxUEy9/WL4ia.KaDru6tivQO, 1, 0)) in C:\xampp\htdocs\airports_web-master-flight\vendor\laravel\framework\src\Illuminate\Database\Connection.php:666
Stack trace:
#0 C:\xampp\htdocs\airports_web-master-flight\vendor\laravel\framework\src\Illuminate\Database\Connection.php(622): Illuminate\Database\Connection->runQueryCallback('insert into `us...', Array, Object(Closure))
#1 C:\xampp\htdocs\airports_web-master-flight\vendor\laravel\framework\src\Illuminate\Database\Connection.php(391): Illuminate\Database\Connection->run('insert into `us...', Array, Object(Closure))
#2 C:\xampp\htdocs\airports_web-master-flight\vendor\laravel\framework\src\Illuminate\Database\Connection.php(347): Illuminate\Database\Connection->statement('insert into `us...', Array)
#3 C:\xampp\htdocs\airports_web-master-flight\vendor\laravel\framework\src\Illuminate\Database\Query\Builder.php(1827): Illuminate\Database\Connection->insert('insert into `us...', Array)
#4 C:\xampp\htdocs\airports_web-master-flight\database\seeds\UserTableSeeder.php(18): Illuminate\Database\Query\Builder->insert(Array)
#5 C:\xampp\htdocs\airports_web-master-flight\vendor\laravel\framework\src\Illuminate\Database\Seeder.php(42): UserTableSeeder->run()
#6 C:\xampp\htdocs\airports_web-master-flight\database\seeds\DatabaseSeeder.php(17): Illuminate\Database\Seeder->call('UserTableSeeder')
#7 C:\xampp\htdocs\airports_web-master-flight\vendor\laravel\framework\src\Illuminate\Database\Console\Seeds\SeedCommand.php(61): DatabaseSeeder->run()
#8 [internal function]: Illuminate\Database\Console\Seeds\SeedCommand->fire()
#9 C:\xampp\htdocs\airports_web-master-flight\vendor\laravel\framework\src\Illuminate\Container\Container.php(507): call_user_func_array(Array, Array)
#10 C:\xampp\htdocs\airports_web-master-flight\vendor\laravel\framework\src\Illuminate\Console\Command.php(150): Illuminate\Container\Container->call(Array)
#11 C:\xampp\htdocs\airports_web-master-flight\vendor\symfony\console\Command\Command.php(238): Illuminate\Console\Command->execute(Object(Symfony\Component\Console\Input\ArgvInput), Object(Symfony\Component\Console\Output\ConsoleOutput))
#12 C:\xampp\htdocs\airports_web-master-flight\vendor\laravel\framework\src\Illuminate\Console\Command.php(136): Symfony\Component\Console\Command\Command->run(Object(Symfony\Component\Console\Input\ArgvInput), Object(Symfony\Component\Console\Output\ConsoleOutput))
#13 C:\xampp\htdocs\airports_web-master-flight\vendor\symfony\console\Application.php(840): Illuminate\Console\Command->run(Object(Symfony\Component\Console\Input\ArgvInput), Object(Symfony\Component\Console\Output\ConsoleOutput))
#14 C:\xampp\htdocs\airports_web-master-flight\vendor\symfony\console\Application.php(190): Symfony\Component\Console\Application->doRunCommand(Object(Illuminate\Database\Console\Seeds\SeedCommand), Object(Symfony\Component\Console\Input\ArgvInput), Object(Symfony\Component\Console\Output\ConsoleOutput))
#15 C:\xampp\htdocs\airports_web-master-flight\vendor\symfony\console\Application.php(114): Symfony\Component\Console\Application->doRun(Object(Symfony\Component\Console\Input\ArgvInput), Object(Symfony\Component\Console\Output\ConsoleOutput))
#16 C:\xampp\htdocs\airports_web-master-flight\vendor\laravel\framework\src\Illuminate\Foundation\Console\Kernel.php(107): Symfony\Component\Console\Application->run(Object(Symfony\Component\Console\Input\ArgvInput), Object(Symfony\Component\Console\Output\ConsoleOutput))
#17 C:\xampp\htdocs\airports_web-master-flight\artisan(35): Illuminate\Foundation\Console\Kernel->handle(Object(Symfony\Component\Console\Input\ArgvInput), Object(Symfony\Component\Console\Output\ConsoleOutput))
#18 {main}  
[2026-06-29 19:11:32] local.ERROR: PDOException: SQLSTATE[23000]: Integrity constraint violation: 1062 Duplicate entry '1' for key 'PRIMARY' in C:\xampp\htdocs\airports_web-master-flight\vendor\laravel\framework\src\Illuminate\Database\Connection.php:390
Stack trace:
#0 C:\xampp\htdocs\airports_web-master-flight\vendor\laravel\framework\src\Illuminate\Database\Connection.php(390): PDOStatement->execute(Array)
#1 C:\xampp\htdocs\airports_web-master-flight\vendor\laravel\framework\src\Illuminate\Database\Connection.php(659): Illuminate\Database\Connection->Illuminate\Database\{closure}(Object(Illuminate\Database\MySqlConnection), 'insert into `pl...', Array)
#2 C:\xampp\htdocs\airports_web-master-flight\vendor\laravel\framework\src\Illuminate\Database\Connection.php(622): Illuminate\Database\Connection->runQueryCallback('insert into `pl...', Array, Object(Closure))
#3 C:\xampp\htdocs\airports_web-master-flight\vendor\laravel\framework\src\Illuminate\Database\Connection.php(391): Illuminate\Database\Connection->run('insert into `pl...', Array, Object(Closure))
#4 C:\xampp\htdocs\airports_web-master-flight\vendor\laravel\framework\src\Illuminate\Database\Connection.php(347): Illuminate\Database\Connection->statement('insert into `pl...', Array)
#5 C:\xampp\htdocs\airports_web-master-flight\vendor\laravel\framework\src\Illuminate\Database\Query\Builder.php(1827): Illuminate\Database\Connection->insert('insert into `pl...', Array)
#6 C:\xampp\htdocs\airports_web-master-flight\database\seeds\PlaneTypeTableSeeder.php(19): Illuminate\Database\Query\Builder->insert(Array)
#7 C:\xampp\htdocs\airports_web-master-flight\vendor\laravel\framework\src\Illuminate\Database\Seeder.php(42): PlaneTypeTableSeeder->run()
#8 C:\xampp\htdocs\airports_web-master-flight\database\seeds\DatabaseSeeder.php(18): Illuminate\Database\Seeder->call('PlaneTypeTableS...')
#9 C:\xampp\htdocs\airports_web-master-flight\vendor\laravel\framework\src\Illuminate\Database\Console\Seeds\SeedCommand.php(61): DatabaseSeeder->run()
#10 [internal function]: Illuminate\Database\Console\Seeds\SeedCommand->fire()
#11 C:\xampp\htdocs\airports_web-master-flight\vendor\laravel\framework\src\Illuminate\Container\Container.php(507): call_user_func_array(Array, Array)
#12 C:\xampp\htdocs\airports_web-master-flight\vendor\laravel\framework\src\Illuminate\Console\Command.php(150): Illuminate\Container\Container->call(Array)
#13 C:\xampp\htdocs\airports_web-master-flight\vendor\symfony\console\Command\Command.php(238): Illuminate\Console\Command->execute(Object(Symfony\Component\Console\Input\ArgvInput), Object(Symfony\Component\Console\Output\ConsoleOutput))
#14 C:\xampp\htdocs\airports_web-master-flight\vendor\laravel\framework\src\Illuminate\Console\Command.php(136): Symfony\Component\Console\Command\Command->run(Object(Symfony\Component\Console\Input\ArgvInput), Object(Symfony\Component\Console\Output\ConsoleOutput))
#15 C:\xampp\htdocs\airports_web-master-flight\vendor\symfony\console\Application.php(840): Illuminate\Console\Command->run(Object(Symfony\Component\Console\Input\ArgvInput), Object(Symfony\Component\Console\Output\ConsoleOutput))
#16 C:\xampp\htdocs\airports_web-master-flight\vendor\symfony\console\Application.php(190): Symfony\Component\Console\Application->doRunCommand(Object(Illuminate\Database\Console\Seeds\SeedCommand), Object(Symfony\Component\Console\Input\ArgvInput), Object(Symfony\Component\Console\Output\ConsoleOutput))
#17 C:\xampp\htdocs\airports_web-master-flight\vendor\symfony\console\Application.php(114): Symfony\Component\Console\Application->doRun(Object(Symfony\Component\Console\Input\ArgvInput), Object(Symfony\Component\Console\Output\ConsoleOutput))
#18 C:\xampp\htdocs\airports_web-master-flight\vendor\laravel\framework\src\Illuminate\Foundation\Console\Kernel.php(107): Symfony\Component\Console\Application->run(Object(Symfony\Component\Console\Input\ArgvInput), Object(Symfony\Component\Console\Output\ConsoleOutput))
#19 C:\xampp\htdocs\airports_web-master-flight\artisan(35): Illuminate\Foundation\Console\Kernel->handle(Object(Symfony\Component\Console\Input\ArgvInput), Object(Symfony\Component\Console\Output\ConsoleOutput))
#20 {main}

Next Illuminate\Database\QueryException: SQLSTATE[23000]: Integrity constraint violation: 1062 Duplicate entry '1' for key 'PRIMARY' (SQL: insert into `plane_type` (`id`, `name`) values (1, Plane), (2, Helicopter), (3, Air Ambulance)) in C:\xampp\htdocs\airports_web-master-flight\vendor\laravel\framework\src\Illuminate\Database\Connection.php:666
Stack trace:
#0 C:\xampp\htdocs\airports_web-master-flight\vendor\laravel\framework\src\Illuminate\Database\Connection.php(622): Illuminate\Database\Connection->runQueryCallback('insert into `pl...', Array, Object(Closure))
#1 C:\xampp\htdocs\airports_web-master-flight\vendor\laravel\framework\src\Illuminate\Database\Connection.php(391): Illuminate\Database\Connection->run('insert into `pl...', Array, Object(Closure))
#2 C:\xampp\htdocs\airports_web-master-flight\vendor\laravel\framework\src\Illuminate\Database\Connection.php(347): Illuminate\Database\Connection->statement('insert into `pl...', Array)
#3 C:\xampp\htdocs\airports_web-master-flight\vendor\laravel\framework\src\Illuminate\Database\Query\Builder.php(1827): Illuminate\Database\Connection->insert('insert into `pl...', Array)
#4 C:\xampp\htdocs\airports_web-master-flight\database\seeds\PlaneTypeTableSeeder.php(19): Illuminate\Database\Query\Builder->insert(Array)
#5 C:\xampp\htdocs\airports_web-master-flight\vendor\laravel\framework\src\Illuminate\Database\Seeder.php(42): PlaneTypeTableSeeder->run()
#6 C:\xampp\htdocs\airports_web-master-flight\database\seeds\DatabaseSeeder.php(18): Illuminate\Database\Seeder->call('PlaneTypeTableS...')
#7 C:\xampp\htdocs\airports_web-master-flight\vendor\laravel\framework\src\Illuminate\Database\Console\Seeds\SeedCommand.php(61): DatabaseSeeder->run()
#8 [internal function]: Illuminate\Database\Console\Seeds\SeedCommand->fire()
#9 C:\xampp\htdocs\airports_web-master-flight\vendor\laravel\framework\src\Illuminate\Container\Container.php(507): call_user_func_array(Array, Array)
#10 C:\xampp\htdocs\airports_web-master-flight\vendor\laravel\framework\src\Illuminate\Console\Command.php(150): Illuminate\Container\Container->call(Array)
#11 C:\xampp\htdocs\airports_web-master-flight\vendor\symfony\console\Command\Command.php(238): Illuminate\Console\Command->execute(Object(Symfony\Component\Console\Input\ArgvInput), Object(Symfony\Component\Console\Output\ConsoleOutput))
#12 C:\xampp\htdocs\airports_web-master-flight\vendor\laravel\framework\src\Illuminate\Console\Command.php(136): Symfony\Component\Console\Command\Command->run(Object(Symfony\Component\Console\Input\ArgvInput), Object(Symfony\Component\Console\Output\ConsoleOutput))
#13 C:\xampp\htdocs\airports_web-master-flight\vendor\symfony\console\Application.php(840): Illuminate\Console\Command->run(Object(Symfony\Component\Console\Input\ArgvInput), Object(Symfony\Component\Console\Output\ConsoleOutput))
#14 C:\xampp\htdocs\airports_web-master-flight\vendor\symfony\console\Application.php(190): Symfony\Component\Console\Application->doRunCommand(Object(Illuminate\Database\Console\Seeds\SeedCommand), Object(Symfony\Component\Console\Input\ArgvInput), Object(Symfony\Component\Console\Output\ConsoleOutput))
#15 C:\xampp\htdocs\airports_web-master-flight\vendor\symfony\console\Application.php(114): Symfony\Component\Console\Application->doRun(Object(Symfony\Component\Console\Input\ArgvInput), Object(Symfony\Component\Console\Output\ConsoleOutput))
#16 C:\xampp\htdocs\airports_web-master-flight\vendor\laravel\framework\src\Illuminate\Foundation\Console\Kernel.php(107): Symfony\Component\Console\Application->run(Object(Symfony\Component\Console\Input\ArgvInput), Object(Symfony\Component\Console\Output\ConsoleOutput))
#17 C:\xampp\htdocs\airports_web-master-flight\artisan(35): Illuminate\Foundation\Console\Kernel->handle(Object(Symfony\Component\Console\Input\ArgvInput), Object(Symfony\Component\Console\Output\ConsoleOutput))
#18 {main}  
